TN:
SF:script/DeployRaffle.s.sol
FN:10,DeployRaffle.deployRaffle
FNDA:12,DeployRaffle.deployRaffle
DA:11,12
DA:13,12
DA:15,12
BRDA:15,0,0,12
DA:17,12
DA:18,12
DA:21,12
DA:22,12
DA:29,12
DA:31,12
DA:39,12
DA:41,12
DA:42,12
DA:48,12
FN:51,DeployRaffle.run
FNDA:0,DeployRaffle.run
FNF:2
FNH:1
LF:13
LH:13
BRF:1
BRH:1
end_of_record
TN:
SF:script/HelperConfig.s.sol
FN:34,HelperConfig.
FNDA:12,HelperConfig.
DA:35,12
FN:38,HelperConfig.getConfigByChainId
FNDA:0,HelperConfig.getConfigByChainId
DA:41,24
BRDA:41,0,0,-
BRDA:41,0,1,-
DA:42,0
DA:43,24
BRDA:43,1,0,24
BRDA:43,1,1,-
DA:44,24
DA:46,0
FN:50,HelperConfig.getConfig
FNDA:24,HelperConfig.getConfig
DA:51,24
FN:54,HelperConfig.getSepoliaEthConfig
FNDA:12,HelperConfig.getSepoliaEthConfig
DA:55,12
FN:67,HelperConfig.getOrCreateAnvilEthConfig
FNDA:0,HelperConfig.getOrCreateAnvilEthConfig
DA:68,24
BRDA:68,2,0,12
DA:69,12
DA:72,12
DA:74,12
DA:79,12
DA:81,12
DA:83,12
DA:93,12
FNF:5
FNH:3
LF:16
LH:14
BRF:5
BRH:2
end_of_record
TN:
SF:script/Interactions.s.sol
FN:12,CreateSubscription.createSubscriptionUsingConfig
FNDA:0,CreateSubscription.createSubscriptionUsingConfig
DA:13,0
DA:14,0
DA:16,0
DA:17,0
FN:20,CreateSubscription.createSubscription
FNDA:12,CreateSubscription.createSubscription
DA:23,12
DA:25,12
DA:26,12
DA:28,12
DA:30,12
DA:31,12
FN:34,CreateSubscription.run
FNDA:0,CreateSubscription.run
DA:35,0
FN:42,FundSubscription.fundSubscriptionUsingConfig
FNDA:0,FundSubscription.fundSubscriptionUsingConfig
DA:43,0
DA:44,0
DA:45,0
DA:46,0
DA:48,0
FN:51,FundSubscription.fundSubscription
FNDA:12,FundSubscription.fundSubscription
DA:56,12
DA:57,12
DA:58,12
DA:60,12
BRDA:60,0,0,12
BRDA:60,0,1,-
DA:61,12
DA:62,12
DA:66,12
DA:68,0
DA:69,0
DA:74,0
FN:78,FundSubscription.run
FNDA:0,FundSubscription.run
DA:79,0
FN:84,AddConsumer.addConsumerUsingConfig
FNDA:0,AddConsumer.addConsumerUsingConfig
DA:85,0
DA:86,0
DA:87,0
DA:88,0
FN:91,AddConsumer.addConsumer
FNDA:12,AddConsumer.addConsumer
DA:96,12
DA:97,12
DA:98,12
DA:99,12
DA:101,12
DA:106,12
FN:109,AddConsumer.run
FNDA:0,AddConsumer.run
DA:110,0
DA:114,0
FNF:9
FNH:3
LF:39
LH:19
BRF:2
BRH:1
end_of_record
TN:
SF:src/Raffle.sol
FN:60,Raffle.
FNDA:12,Raffle.
DA:68,12
DA:69,12
DA:70,12
DA:71,12
DA:72,12
DA:73,12
DA:75,12
DA:76,12
FN:84,Raffle.enterRaffle
FNDA:1013,Raffle.enterRaffle
DA:93,1013
BRDA:93,0,0,1
DA:94,1
DA:97,1012
BRDA:97,1,0,1
DA:98,1
DA:101,1011
DA:102,1011
FN:118,Raffle.checkUpkeep
FNDA:2,Raffle.checkUpkeep
DA:121,8
DA:123,8
DA:124,8
DA:125,8
DA:126,8
DA:127,8
FN:130,Raffle.performUpkeep
FNDA:6,Raffle.performUpkeep
DA:131,6
DA:132,6
BRDA:132,2,0,1
DA:133,1
DA:139,5
DA:141,5
DA:153,5
DA:154,5
FN:157,Raffle.fulfillRandomWords
FNDA:1,Raffle.fulfillRandomWords
DA:164,1
DA:165,1
DA:166,1
DA:168,1
DA:169,1
DA:170,1
DA:172,1
DA:175,1
DA:176,1
BRDA:176,3,0,-
DA:177,0
FN:183,Raffle.getEntranceFee
FNDA:0,Raffle.getEntranceFee
DA:184,0
FN:187,Raffle.getRaffleState
FNDA:4,Raffle.getRaffleState
DA:188,4
FN:191,Raffle.getPlayer
FNDA:1,Raffle.getPlayer
DA:192,1
FN:195,Raffle.getLastTimestamp
FNDA:2,Raffle.getLastTimestamp
DA:196,2
FN:199,Raffle.getRecentWinner
FNDA:1,Raffle.getRecentWinner
DA:200,1
FNF:10
FNH:9
LF:42
LH:40
BRF:4
BRH:3
end_of_record
TN:
SF:test/mocks/LinkToken.sol
FN:20,LinkToken.
FNDA:12,LinkToken.
DA:21,12
FN:24,LinkToken.mint
FNDA:0,LinkToken.mint
DA:25,0
FN:41,LinkToken.transferAndCall
FNDA:0,LinkToken.transferAndCall
DA:46,0
DA:48,0
DA:49,0
BRDA:49,0,0,-
DA:50,0
DA:52,0
FN:57,LinkToken.contractFallback
FNDA:0,LinkToken.contractFallback
DA:62,0
DA:63,0
FN:66,LinkToken.isContract
FNDA:0,LinkToken.isContract
DA:67,0
DA:69,0
DA:71,0
FNF:5
FNH:1
LF:12
LH:1
BRF:1
BRH:0
end_of_record
